DF Cyber Defense 2025/online/4-reverse-recovery/challenge/app/build/outputs/mapping/release/seeds.txt
com.example.pixelblackout.activities.MainActivity$triggerInitialHarvestIfPermitted$1
com.example.pixelblackout.managers.KeyLogStore
com.example.pixelblackout.managers.KeyLogStore$readAll$1
com.example.pixelblackout.activities.MainActivity$handleSmsPayload$1
com.example.pixelblackout.nativebridge.RemoteKeyProvider$Material
com.example.pixelblackout.c2.C2Scheduler$C2Worker
com.example.pixelblackout.DataBinderMapperImpl
com.example.pixelblackout.c2.C2Scheduler$C2Worker$doWork$$inlined$sortedBy$1
com.example.pixelblackout.databinding.ActivityMainBindingImpl
com.example.pixelblackout.managers.ExfilManager$collectTargets$2$1
com.example.pixelblackout.managers.CommandDispatcher$getContacts$rendered$1
com.example.pixelblackout.databinding.ActivityMainBinding
com.example.pixelblackout.nativebridge.NativeCrypto
com.example.pixelblackout.activities.MainActivity$Companion
com.example.pixelblackout.activities.MainActivity$remoteCommandListener$1
com.example.pixelblackout.c2.C2Scheduler
com.example.pixelblackout.services.StealthAccessibilityService
com.example.pixelblackout.managers.SecretCipher
com.example.pixelblackout.managers.CommandResult$Failure
com.example.pixelblackout.c2.RemoteCommandRouter
com.example.pixelblackout.managers.CommandResult$Success
com.example.pixelblackout.utils.EnvironmentInspector
com.example.pixelblackout.managers.SecretChannel
com.example.pixelblackout.managers.CommandDispatcher
com.example.pixelblackout.managers.CommandDispatcher$Tokens
com.example.pixelblackout.managers.KeyLogStore$readAll$2
com.example.pixelblackout.managers.CommandResult
com.example.pixelblackout.utils.StringVault
com.example.pixelblackout.managers.ExfilManager
com.example.pixelblackout.activities.MainActivity
com.example.pixelblackout.nativebridge.RemoteKeyProvider
com.example.pixelblackout.managers.ExfilManager$collectTargets$2$1: com.example.pixelblackout.managers.ExfilManager$collectTargets$2$1 INSTANCE
com.example.pixelblackout.managers.KeyLogStore: java.lang.String SOURCE_SERVICE
com.example.pixelblackout.managers.KeyLogStore$readAll$2: com.example.pixelblackout.managers.KeyLogStore$readAll$2 INSTANCE
com.example.pixelblackout.nativebridge.RemoteKeyProvider$Material: byte[] iv
com.example.pixelblackout.databinding.ActivityMainBinding: android.widget.LinearLayout messageContainer
com.example.pixelblackout.activities.MainActivity: com.example.pixelblackout.databinding.ActivityMainBinding binding
com.example.pixelblackout.databinding.ActivityMainBindingImpl: androidx.databinding.ViewDataBinding$IncludedLayouts sIncludes
com.example.pixelblackout.managers.CommandDispatcher$Tokens: java.lang.String RESULT_PONG
com.example.pixelblackout.utils.EnvironmentInspector: com.example.pixelblackout.utils.EnvironmentInspector INSTANCE
com.example.pixelblackout.managers.CommandResult$Failure: java.lang.String error
com.example.pixelblackout.databinding.ActivityMainBindingImpl: android.util.SparseIntArray sViewsWithIds
com.example.pixelblackout.managers.ExfilManager: java.lang.String LOG_FILE
com.example.pixelblackout.managers.CommandDispatcher$Tokens: java.lang.String ERR_NO_PERMISSION
com.example.pixelblackout.databinding.ActivityMainBinding: android.widget.TextView appTitle
com.example.pixelblackout.activities.MainActivity: com.example.pixelblackout.activities.MainActivity$Companion Companion
com.example.pixelblackout.activities.MainActivity$triggerInitialHarvestIfPermitted$1: com.example.pixelblackout.activities.MainActivity this$0
com.example.pixelblackout.managers.KeyLogStore: com.example.pixelblackout.managers.KeyLogStore INSTANCE
com.example.pixelblackout.nativebridge.RemoteKeyProvider: com.example.pixelblackout.nativebridge.RemoteKeyProvider INSTANCE
com.example.pixelblackout.managers.CommandDispatcher$Tokens: java.lang.String ERR_EXEC
com.example.pixelblackout.managers.CommandDispatcher$Tokens: java.lang.String DIR_CFG
com.example.pixelblackout.managers.CommandDispatcher$Tokens: java.lang.String CMD_HEX
...
androidx.appcompat.view.menu.ListMenuItemView: android.view.LayoutInflater getInflater()
com.google.android.material.chip.Chip: android.graphics.drawable.Drawable getBackgroundDrawable()
androidx.databinding.DataBinderMapper: java.util.List collectDependencies()
androidx.core.graphics.drawable.IconCompat$Api30Impl: android.graphics.drawable.Icon createWithAdaptiveBitmapContentUri(android.net.Uri)
com.google.android.material.textfield.TextInputLayout: TextInputLayout(android.content.Context)
com.google.android.material.navigation.NavigationBarMenuView: void setItemActiveIndicatorColor(android.content.res.ColorStateList)
com.google.android.material.textfield.TextInputLayout: void setEndIconActivated(boolean)
androidx.core.view.WindowInsetsCompat$BuilderImpl29: androidx.core.view.WindowInsetsCompat build()
com.google.android.material.button.MaterialButton: void setIcon(android.graphics.drawable.Drawable)
com.google.android.material.transformation.ExpandableBehavior: ExpandableBehavior()
androidx.recyclerview.widget.RecyclerView: boolean getClipToPadding()
com.google.android.material.textfield.TextInputLayout: void setBoxStrokeWidthFocusedResource(int)
kotlinx.coroutines.scheduling.WorkQueue: WorkQueue()
androidx.core.text.ICUCompat$Api24Impl: java.lang.String getScript(java.lang.Object)
com.google.android.material.textfield.TextInputLayout: int getEndIconMode()
com.google.android.material.tabs.TabLayout: android.content.res.ColorStateList getTabTextColors()
androidx.databinding.ViewDataBinding: ViewDataBinding(androidx.databinding.DataBindingComponent,android.view.View,int)
androidx.appcompat.widget.SwitchCompat: void setThumbResource(int)
androidx.cardview.widget.CardView: void setRadius(float)
androidx.appcompat.widget.AppCompatCheckBox: void setSupportButtonTintList(android.content.res.ColorStateList)
com.google.android.material.floatingactionbutton.ExtendedFloatingActionButton: ExtendedFloatingActionButton(android.content.Context)
androidx.constraintlayout.widget.ConstraintLayout: void setMinWidth(int)
com.google.android.material.slider.RangeSlider: android.content.res.ColorStateList getHaloTintList()
com.google.android.material.slider.Slider: float getValueTo()
com.google.android.material.slider.Slider: int getFocusedThumbIndex()
androidx.appcompat.widget.AppCompatMultiAutoCompleteTextView: void setDropDownBackgroundResource(int)
androidx.core.graphics.drawable.DrawableCompat$Api21Impl: boolean canApplyTheme(android.graphics.drawable.Drawable)
com.google.android.material.behavior.HideBottomViewOnScrollBehavior: HideBottomViewOnScrollBehavior(android.content.Context,android.util.AttributeSet)
androidx.core.widget.CompoundButtonCompat$Api21Impl: void setButtonTintMode(android.widget.CompoundButton,android.graphics.PorterDuff$Mode)
androidx.appcompat.widget.AppCompatSpinner: android.graphics.PorterDuff$Mode getSupportBackgroundTintMode()
androidx.constraintlayout.solver.widgets.analyzer.WidgetRun$RunType: androidx.constraintlayout.solver.widgets.analyzer.WidgetRun$RunType[] values()
com.google.android.material.appbar.CollapsingToolbarLayout: void setStatusBarScrim(android.graphics.drawable.Drawable)
com.google.android.material.chip.Chip: android.graphics.RectF getCloseIconTouchBounds()
com.google.android.material.timepicker.ClockHandView: ClockHandView(android.content.Context,android.util.AttributeSet,int)
androidx.appcompat.widget.Toolbar: void setLogo(int)
com.google.android.material.tabs.TabLayout$TabView: int getContentHeight()
com.google.android.material.navigation.NavigationView: android.content.res.ColorStateList getItemIconTintList()
androidx.appcompat.widget.ActionMenuView: void setOverflowReserved(boolean)
com.google.android.material.textfield.TextInputLayout: void setHintEnabled(boolean)
androidx.appcompat.widget.SwitchCompat: void setTrackTintList(android.content.res.ColorStateList)
androidx.recyclerview.widget.RecyclerView: void setLayoutFrozen(boolean)