DF Cyber Defense 2025/online/4-reverse-recovery/challenge/app/build/outputs/mapping/release/usage.txt
com.example.pixelblackout.BR
com.example.pixelblackout.BuildConfig
com.example.pixelblackout.DataBinderMapperImpl$InnerBrLookup
com.example.pixelblackout.DataBinderMapperImpl$InnerLayoutIdLookup
com.example.pixelblackout.DataBinderMapperImpl:
    private static final int LAYOUT_ACTIVITYMAIN
    public java.lang.String convertBrIdToString(int)
    public int getLayoutId(java.lang.String)
com.example.pixelblackout.DataBindingTriggerClass
com.example.pixelblackout.R$color
com.example.pixelblackout.R$drawable
com.example.pixelblackout.R$id
com.example.pixelblackout.R$layout
com.example.pixelblackout.R$mipmap
com.example.pixelblackout.R$string
com.example.pixelblackout.R$style
com.example.pixelblackout.R$xml
com.example.pixelblackout.R
com.example.pixelblackout.activities.MainActivity:
    private static final java.lang.String TAG
com.example.pixelblackout.c2.C2Scheduler:
    private static final java.lang.String ONE_SHOT_WORK_NAME
    private static final java.lang.String PERIODIC_WORK_NAME
com.example.pixelblackout.databinding.ActivityMainBinding:
    public static com.example.pixelblackout.databinding.ActivityMainBinding bind(android.view.View)
    public static com.example.pixelblackout.databinding.ActivityMainBinding bind(android.view.View,java.lang.Object)
    public static com.example.pixelblackout.databinding.ActivityMainBinding inflate(android.view.LayoutInflater)
    public static com.example.pixelblackout.databinding.ActivityMainBinding inflate(android.view.LayoutInflater,android.view.ViewGroup,boolean)
    public static com.example.pixelblackout.databinding.ActivityMainBinding inflate(android.view.LayoutInflater,android.view.ViewGroup,boolean,java.lang.Object)
    public static com.example.pixelblackout.databinding.ActivityMainBinding inflate(android.view.LayoutInflater,java.lang.Object)
com.example.pixelblackout.databinding.ActivityMainBindingImpl:
    protected boolean onFieldChange(int,java.lang.Object,int)
    public boolean setVariable(int,java.lang.Object)
com.example.pixelblackout.managers.CommandResult$Failure:
    public final java.lang.String component1()
    public final com.example.pixelblackout.managers.CommandResult$Failure copy(java.lang.String)
    public static synthetic com.example.pixelblackout.managers.CommandResult$Failure copy$default(com.example.pixelblackout.managers.CommandResult$Failure,java.lang.String,int,java.lang.Object)
com.example.pixelblackout.managers.CommandResult$Success:
    public final java.lang.String component1()
    public final com.example.pixelblackout.managers.CommandResult$Success copy(java.lang.String)
    public static synthetic com.example.pixelblackout.managers.CommandResult$Success copy$default(com.example.pixelblackout.managers.CommandResult$Success,java.lang.String,int,java.lang.Object)
com.example.pixelblackout.nativebridge.RemoteKeyProvider$Material:
    public final byte[] component1()
    public final byte[] component2()
    public final byte[] component3()
    public final com.example.pixelblackout.nativebridge.RemoteKeyProvider$Material copy(byte[],byte[],byte[])
    public static synthetic com.example.pixelblackout.nativebridge.RemoteKeyProvider$Material copy$default(com.example.pixelblackout.nativebridge.RemoteKeyProvider$Material,byte[],byte[],byte[],int,java.lang.Object)
com.example.pixelblackout.nativebridge.RemoteKeyProvider:
    public static final int MASK
    private static final java.lang.String TAG
com.example.pixelblackout.utils.StringVault:
    private static final int MASK
com.example.pixelblackout.activities.MainActivity$$InternalSyntheticLambda$3$88443d602c715b3568d4c1683135429350970374ded3a6e1515cd8e90fef7904$0
com.example.pixelblackout.databinding.ActivityMainBindingImpl:
    private static final androidx.databinding.ViewDataBinding$IncludedLayouts sIncludes
...
kotlinx.coroutines.debug.internal.DebugCoroutineInfoImpl$creationStackTrace$1
kotlinx.coroutines.debug.internal.DebugCoroutineInfoImpl$yieldFrames$1
kotlinx.coroutines.debug.internal.DebugCoroutineInfoImpl
kotlinx.coroutines.debug.internal.DebugCoroutineInfoImplKt
kotlinx.coroutines.debug.internal.DebugProbesImpl$CoroutineOwner
kotlinx.coroutines.debug.internal.DebugProbesImpl$SequenceNumberRefVolatile
kotlinx.coroutines.debug.internal.DebugProbesImpl$dumpCoroutinesInfo$$inlined$dumpCoroutinesInfoImpl$1
kotlinx.coroutines.debug.internal.DebugProbesImpl$dumpCoroutinesInfoImpl$1$3
kotlinx.coroutines.debug.internal.DebugProbesImpl$dumpCoroutinesInfoImpl$lambda-12$$inlined$sortedBy$1
kotlinx.coroutines.debug.internal.DebugProbesImpl$dumpCoroutinesSynchronized$1$2
kotlinx.coroutines.debug.internal.DebugProbesImpl$dumpCoroutinesSynchronized$lambda-19$$inlined$sortedBy$1
kotlinx.coroutines.debug.internal.DebugProbesImpl$dumpDebuggerInfo$$inlined$dumpCoroutinesInfoImpl$1
kotlinx.coroutines.debug.internal.DebugProbesImpl$startWeakRefCleanerThread$1
kotlinx.coroutines.debug.internal.DebugProbesImpl
kotlinx.coroutines.debug.internal.DebugProbesKt
kotlinx.coroutines.debug.internal.DebuggerInfo
kotlinx.coroutines.debug.internal.HashedWeakRef
kotlinx.coroutines.debug.internal.Marked
kotlinx.coroutines.debug.internal.StackTraceFrame
kotlinx.coroutines.flow.AbstractFlow$collect$1
kotlinx.coroutines.flow.AbstractFlow
kotlinx.coroutines.flow.CallbackFlowBuilder$collectTo$1
kotlinx.coroutines.flow.CallbackFlowBuilder
kotlinx.coroutines.flow.CancellableFlow
kotlinx.coroutines.flow.CancellableFlowImpl$collect$2$emit$1
kotlinx.coroutines.flow.CancellableFlowImpl$collect$2
kotlinx.coroutines.flow.CancellableFlowImpl
kotlinx.coroutines.flow.ChannelAsFlow
kotlinx.coroutines.flow.ChannelFlowBuilder
kotlinx.coroutines.flow.DistinctFlowImpl$collect$2$emit$1
kotlinx.coroutines.flow.DistinctFlowImpl$collect$2
kotlinx.coroutines.flow.DistinctFlowImpl
kotlinx.coroutines.flow.EmptyFlow
kotlinx.coroutines.flow.Flow
kotlinx.coroutines.flow.FlowCollector
kotlinx.coroutines.flow.FlowKt
kotlinx.coroutines.flow.FlowKt__BuildersKt$asFlow$$inlined$unsafeFlow$10$1
kotlinx.coroutines.flow.FlowKt__BuildersKt$asFlow$$inlined$unsafeFlow$10
kotlinx.coroutines.flow.FlowKt__BuildersKt$asFlow$$inlined$unsafeFlow$1
kotlinx.coroutines.flow.FlowKt__BuildersKt$asFlow$$inlined$unsafeFlow$2$1
kotlinx.coroutines.flow.FlowKt__BuildersKt$asFlow$$inlined$unsafeFlow$2
kotlinx.coroutines.flow.FlowKt__BuildersKt$asFlow$$inlined$unsafeFlow$3$1
kotlinx.coroutines.flow.FlowKt__BuildersKt$asFlow$$inlined$unsafeFlow$3
kotlinx.coroutines.flow.FlowKt__BuildersKt$asFlow$$inlined$unsafeFlow$4$1
kotlinx.coroutines.flow.FlowKt__BuildersKt$asFlow$$inlined$unsafeFlow$4
kotlinx.coroutines.flow.FlowKt__BuildersKt$asFlow$$inlined$unsafeFlow$5$1
kotlinx.coroutines.flow.FlowKt__BuildersKt$asFlow$$inlined$unsafeFlow$5
kotlinx.coroutines.flow.FlowKt__BuildersKt$asFlow$$inlined$unsafeFlow$6$1
kotlinx.coroutines.flow.FlowKt__BuildersKt$asFlow$$inlined$unsafeFlow$6
kotlinx.coroutines.flow.FlowKt__BuildersKt$asFlow$$inlined$unsafeFlow$7$1
kotlinx.coroutines.flow.FlowKt__BuildersKt$asFlow$$inlined$unsafeFlow$7
kotlinx.coroutines.flow.FlowKt__BuildersKt$asFlow$$inlined$unsafeFlow$8$1
kotlinx.coroutines.flow.FlowKt__BuildersKt$asFlow$$inlined$unsafeFlow$8
kotlinx.coroutines.flow.FlowKt__BuildersKt$asFlow$$inlined$unsafeFlow$9$1
kotlinx.coroutines.flow.FlowKt__BuildersKt$asFlow$$inlined$unsafeFlow$9
kotlinx.coroutines.flow.FlowKt__BuildersKt$flowOf$$inlined$unsafeFlow$1$1
kotlinx.coroutines.flow.FlowKt__BuildersKt$flowOf$$inlined$unsafeFlow$1
kotlinx.coroutines.flow.FlowKt__BuildersKt$flowOf$$inlined$unsafeFlow$2
kotlinx.coroutines.flow.FlowKt__BuildersKt
kotlinx.coroutines.flow.FlowKt__ChannelsKt$asFlow$$inlined$unsafeFlow$1
kotlinx.coroutines.flow.FlowKt__ChannelsKt$emitAllImpl$1
kotlinx.coroutines.flow.FlowKt__ChannelsKt
kotlinx.coroutines.flow.FlowKt__CollectKt$collect$3$emit$1